<?xml version="1.0" encoding="UTF-8"?>
<testsuite time='0.359194' skipped='0' failures='0' errors='0' name="FollowersTest" assertions='3' tests='1' timestamp="2020-04-17T22:41:39+09:00">
  <testcase time='0.359194' file="test/system/followers_test.rb" name="test_followers_index" assertions='3'>
  </testcase>
</testsuite>
